[2021-05-25T12:06:42.805680-03:00] Clinical.INFO: getController(/, GET) [] []
[2021-05-25T12:06:42.810892-03:00] Clinical.INFO: Status Code: 200 {"Path":"/","Method":"GET"} []
[2021-05-25T12:07:41.324180-03:00] Clinical.INFO: getController(/, GET) [] []
[2021-05-25T12:07:41.326136-03:00] Clinical.INFO: Status Code: 200 {"Path":"/","Method":"GET"} []
[2021-05-25T12:08:06.993961-03:00] Clinical.INFO: getController(/, GET) [] []
[2021-05-25T12:08:06.994759-03:00] Clinical.INFO: Status Code: 200 {"Path":"/","Method":"GET"} []
[2021-05-25T12:08:18.139422-03:00] Clinical.INFO: getController(/institucional, GET) [] []
[2021-05-25T12:08:18.142601-03:00] Clinical.INFO: Status Code: 200 {"Path":"/institucional","Method":"GET"} []
[2021-05-25T12:08:19.033334-03:00] Clinical.INFO: getController(/, GET) [] []
[2021-05-25T12:08:19.034817-03:00] Clinical.INFO: Status Code: 200 {"Path":"/","Method":"GET"} []
[2021-05-25T12:08:19.797228-03:00] Clinical.INFO: getController(/obrasSociales, GET) [] []
[2021-05-25T12:08:19.797414-03:00] Clinical.INFO: Status Code: 200 {"Path":"/obrasSociales","Method":"GET"} []
[2021-05-25T12:08:19.799423-03:00] Clinical.INFO: Query: SELECT  id, nombre FROM ``.`obra_social` [] []
[2021-05-25T12:09:48.982723-03:00] Clinical.INFO: getController(/obrasSociales, GET) [] []
[2021-05-25T12:09:48.985151-03:00] Clinical.INFO: Status Code: 200 {"Path":"/obrasSociales","Method":"GET"} []
[2021-05-25T12:09:48.986840-03:00] Clinical.INFO: Query: SELECT  id, nombre FROM ``.`obra_social` [] []
[2021-05-25T12:09:51.343386-03:00] Clinical.INFO: getController(/, GET) [] []
[2021-05-25T12:09:51.344735-03:00] Clinical.INFO: Status Code: 200 {"Path":"/","Method":"GET"} []
[2021-05-25T12:09:51.939640-03:00] Clinical.INFO: getController(/, GET) [] []
[2021-05-25T12:09:51.939821-03:00] Clinical.INFO: Status Code: 200 {"Path":"/","Method":"GET"} []
[2021-05-25T13:36:02.828353-03:00] Clinical.INFO: getController(/, GET) [] []
[2021-05-25T13:36:02.831067-03:00] Clinical.INFO: Status Code: 200 {"Path":"/","Method":"GET"} []
[2021-05-25T13:36:04.259037-03:00] Clinical.INFO: getController(/, GET) [] []
[2021-05-25T13:36:04.259599-03:00] Clinical.INFO: Status Code: 200 {"Path":"/","Method":"GET"} []
[2021-05-25T13:36:51.437037-03:00] Clinical.INFO: getController(/obrasSociales, GET) [] []
[2021-05-25T13:36:51.438470-03:00] Clinical.INFO: Status Code: 200 {"Path":"/obrasSociales","Method":"GET"} []
[2021-05-25T13:36:51.446972-03:00] Clinical.INFO: Query: SELECT  id, nombre FROM ``.`obra_social` [] []
[2021-05-25T13:42:29.124989-03:00] Clinical.INFO: getController(/obrasSociales, GET) [] []
[2021-05-25T13:42:29.125976-03:00] Clinical.INFO: Status Code: 200 {"Path":"/obrasSociales","Method":"GET"} []
[2021-05-25T13:42:29.127272-03:00] Clinical.INFO: Query: SELECT  id, nombre FROM ``obra_social` [] []
[2021-05-25T13:42:29.513564-03:00] Clinical.INFO: getController(/obrasSociales, GET) [] []
[2021-05-25T13:42:29.513783-03:00] Clinical.INFO: Status Code: 200 {"Path":"/obrasSociales","Method":"GET"} []
[2021-05-25T13:42:29.514069-03:00] Clinical.INFO: Query: SELECT  id, nombre FROM ``obra_social` [] []
[2021-05-25T13:42:30.363233-03:00] Clinical.INFO: getController(/obrasSociales, GET) [] []
[2021-05-25T13:42:30.366806-03:00] Clinical.INFO: Status Code: 200 {"Path":"/obrasSociales","Method":"GET"} []
[2021-05-25T13:42:30.370266-03:00] Clinical.INFO: Query: SELECT  id, nombre FROM ``obra_social` [] []
[2021-05-25T13:42:30.981938-03:00] Clinical.INFO: getController(/obrasSociales, GET) [] []
[2021-05-25T13:42:30.982771-03:00] Clinical.INFO: Status Code: 200 {"Path":"/obrasSociales","Method":"GET"} []
[2021-05-25T13:42:30.984010-03:00] Clinical.INFO: Query: SELECT  id, nombre FROM ``obra_social` [] []
[2021-05-25T13:42:32.610991-03:00] Clinical.INFO: getController(/, GET) [] []
[2021-05-25T13:42:32.617568-03:00] Clinical.INFO: Status Code: 200 {"Path":"/","Method":"GET"} []
[2021-05-25T13:42:34.375019-03:00] Clinical.INFO: getController(/, GET) [] []
[2021-05-25T13:42:34.375960-03:00] Clinical.INFO: Status Code: 200 {"Path":"/","Method":"GET"} []
[2021-05-25T13:42:35.448762-03:00] Clinical.INFO: getController(/noticias, GET) [] []
[2021-05-25T13:42:35.452470-03:00] Clinical.INFO: Status Code: 200 {"Path":"/noticias","Method":"GET"} []
[2021-05-25T13:42:36.596200-03:00] Clinical.INFO: getController(/obrasSociales, GET) [] []
[2021-05-25T13:42:36.596861-03:00] Clinical.INFO: Status Code: 200 {"Path":"/obrasSociales","Method":"GET"} []
[2021-05-25T13:42:36.598418-03:00] Clinical.INFO: Query: SELECT  id, nombre FROM ``obra_social` [] []
[2021-05-25T13:43:31.536309-03:00] Clinical.INFO: getController(/noticias, GET) [] []
[2021-05-25T13:43:31.539544-03:00] Clinical.INFO: Status Code: 200 {"Path":"/noticias","Method":"GET"} []
[2021-05-25T13:43:33.172518-03:00] Clinical.INFO: getController(/profesionales, GET) [] []
[2021-05-25T13:43:33.174229-03:00] Clinical.INFO: Status Code: 200 {"Path":"/profesionales","Method":"GET"} []
[2021-05-25T13:43:33.178766-03:00] Clinical.INFO: Query: SELECT  id, nombre, apellido, cuit FROM ``.`medico` [] []
[2021-05-25T13:44:17.285555-03:00] Clinical.INFO: getController(/profesionales, GET) [] []
[2021-05-25T13:44:17.286404-03:00] Clinical.INFO: Status Code: 200 {"Path":"/profesionales","Method":"GET"} []
[2021-05-25T13:44:17.287549-03:00] Clinical.INFO: Query: SELECT  id, nombre, apellido, cuit FROM `medico [] []
[2021-05-25T13:44:52.408474-03:00] Clinical.INFO: getController(/profesionales, GET) [] []
[2021-05-25T13:44:52.413037-03:00] Clinical.INFO: Status Code: 200 {"Path":"/profesionales","Method":"GET"} []
[2021-05-25T13:44:52.416839-03:00] Clinical.INFO: Query: SELECT  id, nombre, apellido, cuit FROM medico [] []
[2021-05-25T13:44:53.283128-03:00] Clinical.INFO: getController(/profesionales, GET) [] []
[2021-05-25T13:44:53.286119-03:00] Clinical.INFO: Status Code: 200 {"Path":"/profesionales","Method":"GET"} []
[2021-05-25T13:44:53.287258-03:00] Clinical.INFO: Query: SELECT  id, nombre, apellido, cuit FROM medico [] []
[2021-05-25T13:44:53.453518-03:00] Clinical.INFO: getController(/profesionales, GET) [] []
[2021-05-25T13:44:53.454301-03:00] Clinical.INFO: Status Code: 200 {"Path":"/profesionales","Method":"GET"} []
[2021-05-25T13:44:53.454649-03:00] Clinical.INFO: Query: SELECT  id, nombre, apellido, cuit FROM medico [] []
[2021-05-25T13:46:54.521407-03:00] Clinical.INFO: getController(/profesionales, GET) [] []
[2021-05-25T13:46:54.525873-03:00] Clinical.INFO: Status Code: 200 {"Path":"/profesionales","Method":"GET"} []
[2021-05-25T13:46:54.536197-03:00] Clinical.INFO: Query: SELECT  id, nombre, apellido, cuit FROM medico [] []
[2021-05-25T13:48:25.490151-03:00] Clinical.INFO: getController(/profesionales, GET) [] []
[2021-05-25T13:48:25.492322-03:00] Clinical.INFO: Status Code: 200 {"Path":"/profesionales","Method":"GET"} []
[2021-05-25T13:48:25.493869-03:00] Clinical.INFO: Query: SELECT  id, nombre, apellido, cuit FROM medico [] []
[2021-05-25T13:48:59.709654-03:00] Clinical.INFO: getController(/profesionales, GET) [] []
[2021-05-25T13:48:59.713063-03:00] Clinical.INFO: Status Code: 200 {"Path":"/profesionales","Method":"GET"} []
[2021-05-25T13:48:59.716137-03:00] Clinical.INFO: Query: SELECT  id, nombre, apellido, cuit FROM medico [] []
[2021-05-25T13:49:05.475763-03:00] Clinical.INFO: getController(/profesionales, GET) [] []
[2021-05-25T13:49:05.476063-03:00] Clinical.INFO: Status Code: 200 {"Path":"/profesionales","Method":"GET"} []
[2021-05-25T13:49:05.476379-03:00] Clinical.INFO: Query: SELECT  id, nombre, apellido, cuit FROM medico [] []
[2021-05-25T13:53:27.787276-03:00] Clinical.INFO: getController(/profesionales, GET) [] []
[2021-05-25T13:53:27.788334-03:00] Clinical.INFO: Status Code: 200 {"Path":"/profesionales","Method":"GET"} []
[2021-05-25T13:53:27.789578-03:00] Clinical.INFO: Query: SELECT  id, nombre, apellido, cuit FROM development_dbmedico [] []
[2021-05-25T13:54:29.314557-03:00] Clinical.INFO: getController(/profesionales, GET) [] []
[2021-05-25T13:54:29.315290-03:00] Clinical.INFO: Status Code: 200 {"Path":"/profesionales","Method":"GET"} []
[2021-05-25T13:54:29.316396-03:00] Clinical.INFO: Query: SELECT  id, nombre, apellido, cuit FROM `development_db`.`medico` [] []
[2021-05-25T13:54:51.164752-03:00] Clinical.INFO: getController(/profesionales, GET) [] []
[2021-05-25T13:54:51.169227-03:00] Clinical.INFO: Status Code: 200 {"Path":"/profesionales","Method":"GET"} []
[2021-05-25T13:54:51.172824-03:00] Clinical.INFO: Query: SELECT  id, nombre, apellido, cuit FROM development_dbmedico [] []
[2021-05-25T13:54:52.105105-03:00] Clinical.INFO: getController(/profesionales, GET) [] []
[2021-05-25T13:54:52.106283-03:00] Clinical.INFO: Status Code: 200 {"Path":"/profesionales","Method":"GET"} []
[2021-05-25T13:54:52.107138-03:00] Clinical.INFO: Query: SELECT  id, nombre, apellido, cuit FROM development_dbmedico [] []
[2021-05-25T13:54:53.104214-03:00] Clinical.INFO: getController(/noticias, GET) [] []
[2021-05-25T13:54:53.106461-03:00] Clinical.INFO: Status Code: 200 {"Path":"/noticias","Method":"GET"} []
[2021-05-25T13:54:54.813410-03:00] Clinical.INFO: getController(/institucional, GET) [] []
[2021-05-25T13:54:54.815567-03:00] Clinical.INFO: Status Code: 200 {"Path":"/institucional","Method":"GET"} []
[2021-05-25T13:54:55.758199-03:00] Clinical.INFO: getController(/obrasSociales, GET) [] []
[2021-05-25T13:54:55.760081-03:00] Clinical.INFO: Status Code: 200 {"Path":"/obrasSociales","Method":"GET"} []
[2021-05-25T13:54:55.761105-03:00] Clinical.INFO: Query: SELECT  id, nombre FROM development_dbobra_social [] []
[2021-05-25T13:54:57.909871-03:00] Clinical.INFO: getController(/institucional, GET) [] []
[2021-05-25T13:54:57.913896-03:00] Clinical.INFO: Status Code: 200 {"Path":"/institucional","Method":"GET"} []
[2021-05-25T13:55:19.430959-03:00] Clinical.INFO: getController(/institucional, GET) [] []
[2021-05-25T13:55:19.431810-03:00] Clinical.INFO: Status Code: 200 {"Path":"/institucional","Method":"GET"} []
[2021-05-25T13:55:21.160777-03:00] Clinical.INFO: getController(/obrasSociales, GET) [] []
[2021-05-25T13:55:21.161563-03:00] Clinical.INFO: Status Code: 200 {"Path":"/obrasSociales","Method":"GET"} []
[2021-05-25T13:55:21.162596-03:00] Clinical.INFO: Query: SELECT  id, nombre FROM development_dbobra_social [] []
[2021-05-25T13:55:35.558489-03:00] Clinical.INFO: getController(/obrasSociales, GET) [] []
[2021-05-25T13:55:35.560253-03:00] Clinical.INFO: Status Code: 200 {"Path":"/obrasSociales","Method":"GET"} []
[2021-05-25T13:55:35.561502-03:00] Clinical.INFO: Query: SELECT  id, nombre FROM `development_db`.`obra_social` [] []
[2021-05-25T13:55:38.081240-03:00] Clinical.INFO: getController(/profesionales, GET) [] []
[2021-05-25T13:55:38.083938-03:00] Clinical.INFO: Status Code: 200 {"Path":"/profesionales","Method":"GET"} []
[2021-05-25T13:55:38.085273-03:00] Clinical.INFO: Query: SELECT  id, nombre, apellido, cuit FROM `development_db`.`medico` [] []
[2021-05-25T14:14:44.523955-03:00] Clinical.INFO: getController(/profesionales, GET) [] []
[2021-05-25T14:14:44.524780-03:00] Clinical.INFO: Status Code: 200 {"Path":"/profesionales","Method":"GET"} []
[2021-05-25T14:14:44.525288-03:00] Clinical.INFO: Query: SELECT  id, nombre, apellido, cuit FROM `development_db`.`medico` [] []
[2021-05-25T14:16:40.919316-03:00] Clinical.INFO: getController(/profesionales, GET) [] []
[2021-05-25T14:16:40.920282-03:00] Clinical.INFO: Status Code: 200 {"Path":"/profesionales","Method":"GET"} []
[2021-05-25T14:16:40.921394-03:00] Clinical.INFO: Query: SELECT  id, nombre, apellido, cuit FROM `development_db`.`medico` [] []
[2021-05-25T14:17:25.471325-03:00] Clinical.INFO: getController(/profesionales, GET) [] []
[2021-05-25T14:17:25.477445-03:00] Clinical.INFO: Status Code: 200 {"Path":"/profesionales","Method":"GET"} []
[2021-05-25T14:17:25.479234-03:00] Clinical.INFO: Query: SELECT  id, nombre, apellido, cuit FROM `development_db`.`medico` [] []
[2021-05-25T15:04:47.152884-03:00] Clinical.INFO: getController(/profesionales, GET) [] []
[2021-05-25T15:04:47.155855-03:00] Clinical.INFO: Status Code: 200 {"Path":"/profesionales","Method":"GET"} []
[2021-05-25T15:04:47.157640-03:00] Clinical.INFO: Query: SELECT  id, nombre, apellido, cuit FROM `development_db`.`medico` [] []
[2021-05-25T15:05:48.528525-03:00] Clinical.INFO: getController(/profesionales, GET) [] []
[2021-05-25T15:05:48.529680-03:00] Clinical.INFO: Status Code: 200 {"Path":"/profesionales","Method":"GET"} []
[2021-05-25T15:05:48.532299-03:00] Clinical.INFO: Query: SELECT  id, nombre, apellido, cuit FROM `development_db`.`medico` [] []
[2021-05-25T15:05:54.390231-03:00] Clinical.INFO: getController(/profesionales, GET) [] []
[2021-05-25T15:05:54.390478-03:00] Clinical.INFO: Status Code: 200 {"Path":"/profesionales","Method":"GET"} []
[2021-05-25T15:05:54.390883-03:00] Clinical.INFO: Query: SELECT  id, nombre, apellido, cuit FROM `development_db`.`medico` [] []
[2021-05-25T15:18:43.412045-03:00] Clinical.INFO: getController(/profesionales, GET) [] []
[2021-05-25T15:18:43.413320-03:00] Clinical.INFO: Status Code: 200 {"Path":"/profesionales","Method":"GET"} []
[2021-05-25T15:18:43.414841-03:00] Clinical.INFO: Query: SELECT  id, nombre, apellido, cuit FROM `development_db`.`medico` [] []
[2021-05-25T15:27:35.304155-03:00] Clinical.INFO: getController(/profesionales, GET) [] []
[2021-05-25T15:27:35.306780-03:00] Clinical.INFO: Status Code: 200 {"Path":"/profesionales","Method":"GET"} []
[2021-05-25T15:27:35.308458-03:00] Clinical.INFO: Query: SELECT  id, nombre, apellido, cuit FROM `development_db`.`medico` [] []
[2021-05-25T15:27:45.352696-03:00] Clinical.INFO: getController(/profesionales, GET) [] []
[2021-05-25T15:27:45.354425-03:00] Clinical.INFO: Status Code: 200 {"Path":"/profesionales","Method":"GET"} []
[2021-05-25T15:27:45.355574-03:00] Clinical.INFO: Query: SELECT  id, nombre, apellido, cuit FROM `development_db`.`medico` [] []
[2021-05-25T15:27:49.178235-03:00] Clinical.INFO: getController(/profesionales, GET) [] []
[2021-05-25T15:27:49.188403-03:00] Clinical.INFO: Status Code: 200 {"Path":"/profesionales","Method":"GET"} []
[2021-05-25T15:27:49.191792-03:00] Clinical.INFO: Query: SELECT  id, nombre, apellido, cuit FROM `development_db`.`medico` [] []
[2021-05-25T15:27:50.496518-03:00] Clinical.INFO: getController(/obrasSociales, GET) [] []
[2021-05-25T15:27:50.500954-03:00] Clinical.INFO: Status Code: 200 {"Path":"/obrasSociales","Method":"GET"} []
[2021-05-25T15:27:50.510551-03:00] Clinical.INFO: Query: SELECT  id, nombre FROM `development_db`.`obra_social` [] []
[2021-05-25T15:27:53.135680-03:00] Clinical.INFO: getController(/noticias, GET) [] []
[2021-05-25T15:27:53.139515-03:00] Clinical.INFO: Status Code: 200 {"Path":"/noticias","Method":"GET"} []
[2021-05-25T15:27:55.085947-03:00] Clinical.INFO: getController(/institucional, GET) [] []
[2021-05-25T15:27:55.086504-03:00] Clinical.INFO: Status Code: 200 {"Path":"/institucional","Method":"GET"} []
[2021-05-25T15:27:55.961390-03:00] Clinical.INFO: getController(/, GET) [] []
[2021-05-25T15:27:55.963784-03:00] Clinical.INFO: Status Code: 200 {"Path":"/","Method":"GET"} []
[2021-05-25T19:43:45.645562-03:00] Clinical.INFO: getController(/profesionales, GET) [] []
[2021-05-25T19:43:45.648074-03:00] Clinical.INFO: Status Code: 200 {"Path":"/profesionales","Method":"GET"} []
[2021-05-25T19:43:45.649895-03:00] Clinical.INFO: Query: SELECT  id, nombre, apellido, cuit FROM `development_db`.`medico` [] []
[2021-05-25T19:43:54.967243-03:00] Clinical.INFO: getController(/profesionales, GET) [] []
[2021-05-25T19:43:54.967511-03:00] Clinical.INFO: Status Code: 200 {"Path":"/profesionales","Method":"GET"} []
[2021-05-25T19:43:54.967825-03:00] Clinical.INFO: Query: SELECT  id, nombre, apellido, cuit FROM `development_db`.`medico` [] []
[2021-05-25T19:43:58.590340-03:00] Clinical.INFO: getController(/profesionales, GET) [] []
[2021-05-25T19:43:58.591349-03:00] Clinical.INFO: Status Code: 200 {"Path":"/profesionales","Method":"GET"} []
[2021-05-25T19:43:58.591903-03:00] Clinical.INFO: Query: SELECT  id, nombre, apellido, cuit FROM `development_db`.`medico` [] []
[2021-05-25T19:44:01.260127-03:00] Clinical.INFO: getController(/profesionales, GET) [] []
[2021-05-25T19:44:01.260449-03:00] Clinical.INFO: Status Code: 200 {"Path":"/profesionales","Method":"GET"} []
[2021-05-25T19:44:01.260877-03:00] Clinical.INFO: Query: SELECT  id, nombre, apellido, cuit FROM `development_db`.`medico` [] []
[2021-05-25T19:44:54.479552-03:00] Clinical.INFO: getController(/, GET) [] []
[2021-05-25T19:44:54.482863-03:00] Clinical.INFO: Status Code: 200 {"Path":"/","Method":"GET"} []
[2021-05-25T19:44:56.025938-03:00] Clinical.INFO: getController(/medicos, GET) [] []
[2021-05-25T19:44:56.026462-03:00] Clinical.WARNING: Se quiso acceder a un path que no existe: /medicos [] []
[2021-05-25T19:45:29.078604-03:00] Clinical.INFO: getController(/gestion_medicos, GET) [] []
[2021-05-25T19:45:29.080985-03:00] Clinical.INFO: Status Code: 200 {"Path":"/gestion_medicos","Method":"GET"} []
[2021-05-25T19:45:29.084086-03:00] Clinical.INFO: Query: SELECT  id, nombre, apellido, cuit FROM `development_db`.`medico` [] []
[2021-05-25T19:45:36.621519-03:00] Clinical.INFO: getController(/gestion_medicos, GET) [] []
[2021-05-25T19:45:36.624615-03:00] Clinical.INFO: Status Code: 200 {"Path":"/gestion_medicos","Method":"GET"} []
[2021-05-25T19:45:36.627890-03:00] Clinical.INFO: Query: SELECT  id, nombre, apellido, cuit FROM `development_db`.`medico` [] []
[2021-05-25T19:47:41.242108-03:00] Clinical.INFO: getController(/gestion_medicos, GET) [] []
[2021-05-25T19:47:41.242350-03:00] Clinical.INFO: Status Code: 200 {"Path":"/gestion_medicos","Method":"GET"} []
[2021-05-25T19:47:41.244806-03:00] Clinical.INFO: Query: SELECT  id, nombre, apellido, cuit FROM `development_db`.`medico` [] []
[2021-05-25T19:47:48.555794-03:00] Clinical.INFO: getController(/profesionales, GET) [] []
[2021-05-25T19:47:48.556057-03:00] Clinical.INFO: Status Code: 200 {"Path":"/profesionales","Method":"GET"} []
[2021-05-25T19:47:48.556380-03:00] Clinical.INFO: Query: SELECT  id, nombre, apellido, cuit FROM `development_db`.`medico` [] []
[2021-05-25T19:47:51.580062-03:00] Clinical.INFO: getController(/profesionales, GET) [] []
[2021-05-25T19:47:51.580281-03:00] Clinical.INFO: Status Code: 200 {"Path":"/profesionales","Method":"GET"} []
[2021-05-25T19:47:51.580746-03:00] Clinical.INFO: Query: SELECT  id, nombre, apellido, cuit FROM `development_db`.`medico` [] []
[2021-05-25T20:00:09.485355-03:00] Clinical.INFO: getController(/profesionales, GET) [] []
[2021-05-25T20:00:09.485577-03:00] Clinical.INFO: Status Code: 200 {"Path":"/profesionales","Method":"GET"} []
[2021-05-25T20:00:09.485873-03:00] Clinical.INFO: Query: SELECT  id, nombre, apellido, cuit FROM `development_db`.`medico` [] []
[2021-05-25T20:00:40.862526-03:00] Clinical.INFO: getController(/profesionales, GET) [] []
[2021-05-25T20:00:40.867011-03:00] Clinical.INFO: Status Code: 200 {"Path":"/profesionales","Method":"GET"} []
[2021-05-25T20:00:40.870187-03:00] Clinical.INFO: Query: SELECT  id, nombre, apellido, cuit FROM `development_db`.`medico` [] []
[2021-05-25T20:03:29.091991-03:00] Clinical.INFO: getController(/profesionales, GET) [] []
[2021-05-25T20:03:29.093065-03:00] Clinical.INFO: Status Code: 200 {"Path":"/profesionales","Method":"GET"} []
[2021-05-25T20:03:29.095611-03:00] Clinical.INFO: Query: SELECT  id, nombre, apellido, cuit FROM `development_db`.`medico` [] []
[2021-05-25T20:04:07.363941-03:00] Clinical.INFO: getController(/profesionales, GET) [] []
[2021-05-25T20:04:07.364536-03:00] Clinical.INFO: Status Code: 200 {"Path":"/profesionales","Method":"GET"} []
[2021-05-25T20:04:07.365644-03:00] Clinical.INFO: Query: SELECT  id, nombre, apellido, cuit FROM `development_db`.`medico` [] []
[2021-05-25T20:14:36.276802-03:00] Clinical.INFO: getController(/profesionales, GET) [] []
[2021-05-25T20:14:36.280109-03:00] Clinical.INFO: Status Code: 200 {"Path":"/profesionales","Method":"GET"} []
[2021-05-25T20:14:36.283513-03:00] Clinical.INFO: Query: SELECT  id, nombre, apellido, cuit FROM `development_db`.`medico` [] []
[2021-05-25T20:14:49.223369-03:00] Clinical.INFO: getController(/profesionales, GET) [] []
[2021-05-25T20:14:49.224906-03:00] Clinical.INFO: Status Code: 200 {"Path":"/profesionales","Method":"GET"} []
[2021-05-25T20:14:49.225606-03:00] Clinical.INFO: Query: SELECT  id, nombre, apellido, cuit FROM `development_db`.`medico` [] []
[2021-05-25T20:14:53.580807-03:00] Clinical.INFO: getController(/profesionales, GET) [] []
[2021-05-25T20:14:53.581058-03:00] Clinical.INFO: Status Code: 200 {"Path":"/profesionales","Method":"GET"} []
[2021-05-25T20:14:53.581364-03:00] Clinical.INFO: Query: SELECT  id, nombre, apellido, cuit FROM `development_db`.`medico` WHERE id = :id [] []
[2021-05-25T20:14:53.582034-03:00] Clinical.INFO: Query: SELECT  id, nombre, apellido, cuit FROM `development_db`.`medico` [] []
[2021-05-25T20:14:53.679277-03:00] Clinical.INFO: getController(/profesionales, GET) [] []
[2021-05-25T20:14:53.679469-03:00] Clinical.INFO: Status Code: 200 {"Path":"/profesionales","Method":"GET"} []
[2021-05-25T20:14:53.679695-03:00] Clinical.INFO: Query: SELECT  id, nombre, apellido, cuit FROM `development_db`.`medico` WHERE id = :id [] []
[2021-05-25T20:14:53.680470-03:00] Clinical.INFO: Query: SELECT  id, nombre, apellido, cuit FROM `development_db`.`medico` [] []
[2021-05-25T20:16:16.377142-03:00] Clinical.INFO: getController(/profesionales, GET) [] []
[2021-05-25T20:16:16.377754-03:00] Clinical.INFO: Status Code: 200 {"Path":"/profesionales","Method":"GET"} []
[2021-05-25T20:16:16.380033-03:00] Clinical.INFO: Query: SELECT  id, nombre, apellido, cuit FROM `development_db`.`medico` WHERE id = :id [] []
[2021-05-25T20:24:20.023455-03:00] Clinical.INFO: getController(/profesionales, GET) [] []
[2021-05-25T20:24:20.024360-03:00] Clinical.INFO: Status Code: 200 {"Path":"/profesionales","Method":"GET"} []
[2021-05-25T20:24:20.026730-03:00] Clinical.INFO: Query: SELECT  id, nombre, apellido, cuit FROM `development_db`.`medico` WHERE id = :id [] []
[2021-05-25T20:25:16.695509-03:00] Clinical.INFO: getController(/profesionales, GET) [] []
[2021-05-25T20:25:16.697476-03:00] Clinical.INFO: Status Code: 200 {"Path":"/profesionales","Method":"GET"} []
[2021-05-25T20:25:16.698730-03:00] Clinical.INFO: Query: SELECT  id, nombre, apellido, cuit FROM `development_db`.`medico` WHERE id = :id [] []
[2021-05-25T20:25:17.549872-03:00] Clinical.INFO: getController(/profesionales, GET) [] []
[2021-05-25T20:25:17.550653-03:00] Clinical.INFO: Status Code: 200 {"Path":"/profesionales","Method":"GET"} []
[2021-05-25T20:25:17.552433-03:00] Clinical.INFO: Query: SELECT  id, nombre, apellido, cuit FROM `development_db`.`medico` WHERE id = :id [] []
[2021-05-25T20:25:17.913052-03:00] Clinical.INFO: getController(/profesionales, GET) [] []
[2021-05-25T20:25:17.913912-03:00] Clinical.INFO: Status Code: 200 {"Path":"/profesionales","Method":"GET"} []
[2021-05-25T20:25:17.915577-03:00] Clinical.INFO: Query: SELECT  id, nombre, apellido, cuit FROM `development_db`.`medico` WHERE id = :id [] []
[2021-05-25T20:25:35.344168-03:00] Clinical.INFO: getController(/profesionales, GET) [] []
[2021-05-25T20:25:35.344906-03:00] Clinical.INFO: Status Code: 200 {"Path":"/profesionales","Method":"GET"} []
[2021-05-25T20:25:35.346158-03:00] Clinical.INFO: Query: SELECT  id, nombre, apellido, cuit FROM `development_db`.`medico` WHERE id = :id [] []
[2021-05-25T20:25:45.610384-03:00] Clinical.INFO: getController(/profesionales, GET) [] []
[2021-05-25T20:25:45.611234-03:00] Clinical.INFO: Status Code: 200 {"Path":"/profesionales","Method":"GET"} []
[2021-05-25T20:25:45.612279-03:00] Clinical.INFO: Query: SELECT  id, nombre, apellido, cuit FROM `development_db`.`medico` WHERE id = :id [] []
[2021-05-25T20:26:01.034410-03:00] Clinical.INFO: getController(/profesionales, GET) [] []
[2021-05-25T20:26:01.035254-03:00] Clinical.INFO: Status Code: 200 {"Path":"/profesionales","Method":"GET"} []
[2021-05-25T20:26:01.036885-03:00] Clinical.INFO: Query: SELECT  id, nombre, apellido, cuit FROM `development_db`.`medico` WHERE id = :id [] []
[2021-05-25T20:27:29.020031-03:00] Clinical.INFO: getController(/profesionales, GET) [] []
[2021-05-25T20:27:29.020973-03:00] Clinical.INFO: Status Code: 200 {"Path":"/profesionales","Method":"GET"} []
[2021-05-25T20:27:29.021998-03:00] Clinical.INFO: Query: SELECT  id, nombre, apellido, cuit FROM `development_db`.`medico` WHERE id = :id [] []
[2021-05-25T20:27:40.381812-03:00] Clinical.INFO: getController(/profesionales, GET) [] []
[2021-05-25T20:27:40.382892-03:00] Clinical.INFO: Status Code: 200 {"Path":"/profesionales","Method":"GET"} []
[2021-05-25T20:27:40.395599-03:00] Clinical.INFO: Query: SELECT  id, nombre, apellido, cuit FROM `development_db`.`medico` WHERE id = :id [] []
[2021-05-25T20:28:37.466305-03:00] Clinical.INFO: getController(/profesionales, GET) [] []
[2021-05-25T20:28:37.467126-03:00] Clinical.INFO: Status Code: 200 {"Path":"/profesionales","Method":"GET"} []
[2021-05-25T20:28:37.468253-03:00] Clinical.INFO: Query: SELECT  id, nombre, apellido, cuit FROM `development_db`.`medico` WHERE id = :id [] []
[2021-05-25T20:29:01.704421-03:00] Clinical.INFO: getController(/profesionales, GET) [] []
[2021-05-25T20:29:01.715540-03:00] Clinical.INFO: Status Code: 200 {"Path":"/profesionales","Method":"GET"} []
[2021-05-25T20:29:01.720922-03:00] Clinical.INFO: Query: SELECT  id, nombre, apellido, cuit FROM `development_db`.`medico` WHERE id = :id [] []
[2021-05-25T20:29:04.377548-03:00] Clinical.INFO: getController(/profesionales, GET) [] []
[2021-05-25T20:29:04.378435-03:00] Clinical.INFO: Status Code: 200 {"Path":"/profesionales","Method":"GET"} []
[2021-05-25T20:29:04.379928-03:00] Clinical.INFO: Query: SELECT  id, nombre, apellido, cuit FROM `development_db`.`medico` WHERE id = :id [] []
[2021-05-25T20:29:13.381594-03:00] Clinical.INFO: getController(/profesionales, GET) [] []
[2021-05-25T20:29:13.382428-03:00] Clinical.INFO: Status Code: 200 {"Path":"/profesionales","Method":"GET"} []
[2021-05-25T20:29:13.383591-03:00] Clinical.INFO: Query: SELECT  id, nombre, apellido, cuit FROM `development_db`.`medico` WHERE id = :id [] []
[2021-05-28T00:22:27.190011-03:00] Clinical.ERROR: Internal Server Error {"Error":"[object] (PDOException(code: 2002): SQLSTATE[HY000] [2002] Connection refused at /opt/lampp/htdocs/PAW_TP_Obligatorio/src/clinical/database/ConnectionBuilder.php:28)"} []
[2021-05-28T00:22:27.878956-03:00] Clinical.ERROR: Internal Server Error {"Error":"[object] (PDOException(code: 2002): SQLSTATE[HY000] [2002] Connection refused at /opt/lampp/htdocs/PAW_TP_Obligatorio/src/clinical/database/ConnectionBuilder.php:28)"} []
[2021-05-28T00:22:43.353194-03:00] Clinical.ERROR: Internal Server Error {"Error":"[object] (PDOException(code: 2002): SQLSTATE[HY000] [2002] Connection refused at /opt/lampp/htdocs/PAW_TP_Obligatorio/src/clinical/database/ConnectionBuilder.php:28)"} []
[2021-05-28T00:22:44.256696-03:00] Clinical.ERROR: Internal Server Error {"Error":"[object] (PDOException(code: 2002): SQLSTATE[HY000] [2002] Connection refused at /opt/lampp/htdocs/PAW_TP_Obligatorio/src/clinical/database/ConnectionBuilder.php:28)"} []
[2021-05-28T00:22:44.459445-03:00] Clinical.ERROR: Internal Server Error {"Error":"[object] (PDOException(code: 2002): SQLSTATE[HY000] [2002] Connection refused at /opt/lampp/htdocs/PAW_TP_Obligatorio/src/clinical/database/ConnectionBuilder.php:28)"} []
[2021-05-28T00:27:01.640247-03:00] Clinical.INFO: getController(/, GET) [] []
[2021-05-28T00:27:01.644212-03:00] Clinical.INFO: Status Code: 200 {"Path":"/","Method":"GET"} []
[2021-05-28T00:27:08.551216-03:00] Clinical.INFO: getController(/profesionales, GET) [] []
[2021-05-28T00:27:08.552005-03:00] Clinical.INFO: Status Code: 200 {"Path":"/profesionales","Method":"GET"} []
[2021-05-28T00:27:08.559147-03:00] Clinical.INFO: Query: SELECT  id, nombre, apellido, cuit FROM `development_db`.`medico` [] []
[2021-05-28T00:29:56.385771-03:00] Clinical.INFO: getController(/profesionales, GET) [] []
[2021-05-28T00:29:56.390261-03:00] Clinical.INFO: Status Code: 200 {"Path":"/profesionales","Method":"GET"} []
[2021-05-28T00:29:56.392644-03:00] Clinical.INFO: Query: SELECT  id, nombre, apellido, cuit FROM `development_db`.`medico` [] []
[2021-05-28T00:30:04.032241-03:00] Clinical.INFO: getController(/profesionales, GET) [] []
[2021-05-28T00:30:04.032507-03:00] Clinical.INFO: Status Code: 200 {"Path":"/profesionales","Method":"GET"} []
[2021-05-28T00:30:04.032786-03:00] Clinical.INFO: Query: SELECT  id, nombre, apellido, cuit FROM `development_db`.`medico` [] []
[2021-05-28T00:31:59.319784-03:00] Clinical.INFO: getController(/profesionales, GET) [] []
[2021-05-28T00:31:59.320770-03:00] Clinical.INFO: Status Code: 200 {"Path":"/profesionales","Method":"GET"} []
[2021-05-28T00:31:59.321472-03:00] Clinical.INFO: Query: SELECT  id, nombre, apellido, cuit FROM `development_db`.`medico` [] []
[2021-05-28T00:36:32.007502-03:00] Clinical.INFO: getController(/profesionales, GET) [] []
[2021-05-28T00:36:32.008594-03:00] Clinical.INFO: Status Code: 200 {"Path":"/profesionales","Method":"GET"} []
[2021-05-28T00:36:32.011903-03:00] Clinical.INFO: Query: SELECT  id, nombre, apellido, cuit FROM `development_db`.`medico` [] []
[2021-05-28T00:37:10.160530-03:00] Clinical.INFO: getController(/profesionales, GET) [] []
[2021-05-28T00:37:10.160911-03:00] Clinical.INFO: Status Code: 200 {"Path":"/profesionales","Method":"GET"} []
[2021-05-28T00:37:10.161527-03:00] Clinical.INFO: Query: SELECT  id, nombre, apellido, cuit FROM `development_db`.`medico` [] []
[2021-05-28T22:47:41.350775-03:00] Clinical.ERROR: Internal Server Error {"Error":"[object] (PDOException(code: 2002): SQLSTATE[HY000] [2002] Connection refused at /opt/lampp/htdocs/PAW_TP_Obligatorio/src/clinical/database/ConnectionBuilder.php:28)"} []
[2021-05-28T22:47:41.756078-03:00] Clinical.ERROR: Internal Server Error {"Error":"[object] (PDOException(code: 2002): SQLSTATE[HY000] [2002] Connection refused at /opt/lampp/htdocs/PAW_TP_Obligatorio/src/clinical/database/ConnectionBuilder.php:28)"} []
[2021-05-28T22:47:59.563196-03:00] Clinical.INFO: getController(/, GET) [] []
[2021-05-28T22:47:59.566710-03:00] Clinical.INFO: Status Code: 200 {"Path":"/","Method":"GET"} []
[2021-05-28T23:03:34.443410-03:00] Clinical.INFO: getController(/, GET) [] []
[2021-05-28T23:03:34.444229-03:00] Clinical.INFO: Status Code: 200 {"Path":"/","Method":"GET"} []
[2021-05-28T23:10:00.224236-03:00] Clinical.INFO: getController(/, GET) [] []
[2021-05-28T23:10:00.225268-03:00] Clinical.INFO: Status Code: 200 {"Path":"/","Method":"GET"} []
[2021-05-28T23:11:54.616867-03:00] Clinical.INFO: getController(/, GET) [] []
[2021-05-28T23:11:54.617426-03:00] Clinical.INFO: Status Code: 200 {"Path":"/","Method":"GET"} []
[2021-05-28T23:18:30.809244-03:00] Clinical.INFO: getController(/, GET) [] []
[2021-05-28T23:18:30.810220-03:00] Clinical.INFO: Status Code: 200 {"Path":"/","Method":"GET"} []
[2021-05-28T23:19:07.590420-03:00] Clinical.INFO: getController(/, GET) [] []
[2021-05-28T23:19:07.593171-03:00] Clinical.INFO: Status Code: 200 {"Path":"/","Method":"GET"} []
[2021-05-28T23:20:48.857981-03:00] Clinical.INFO: getController(/, GET) [] []
[2021-05-28T23:20:48.858800-03:00] Clinical.INFO: Status Code: 200 {"Path":"/","Method":"GET"} []
[2021-05-28T23:22:42.379568-03:00] Clinical.INFO: getController(/, GET) [] []
[2021-05-28T23:22:42.380658-03:00] Clinical.INFO: Status Code: 200 {"Path":"/","Method":"GET"} []
[2021-05-28T23:22:45.115757-03:00] Clinical.INFO: getController(/, GET) [] []
[2021-05-28T23:22:45.120637-03:00] Clinical.INFO: Status Code: 200 {"Path":"/","Method":"GET"} []
[2021-05-28T23:22:45.920844-03:00] Clinical.INFO: getController(/, GET) [] []
[2021-05-28T23:22:45.922189-03:00] Clinical.INFO: Status Code: 200 {"Path":"/","Method":"GET"} []
[2021-05-28T23:22:46.891796-03:00] Clinical.INFO: getController(/, GET) [] []
[2021-05-28T23:22:46.892992-03:00] Clinical.INFO: Status Code: 200 {"Path":"/","Method":"GET"} []
[2021-05-28T23:23:18.525955-03:00] Clinical.INFO: getController(/, GET) [] []
[2021-05-28T23:23:18.529998-03:00] Clinical.INFO: Status Code: 200 {"Path":"/","Method":"GET"} []
[2021-05-28T23:23:19.465353-03:00] Clinical.INFO: getController(/, GET) [] []
[2021-05-28T23:23:19.465639-03:00] Clinical.INFO: Status Code: 200 {"Path":"/","Method":"GET"} []
[2021-05-28T23:23:27.636105-03:00] Clinical.INFO: getController(/, GET) [] []
[2021-05-28T23:23:27.636941-03:00] Clinical.INFO: Status Code: 200 {"Path":"/","Method":"GET"} []
[2021-05-28T23:23:43.783243-03:00] Clinical.INFO: getController(/, GET) [] []
[2021-05-28T23:23:43.785627-03:00] Clinical.INFO: Status Code: 200 {"Path":"/","Method":"GET"} []
[2021-05-28T23:25:36.101082-03:00] Clinical.INFO: getController(/, GET) [] []
[2021-05-28T23:25:36.105287-03:00] Clinical.INFO: Status Code: 200 {"Path":"/","Method":"GET"} []
[2021-05-28T23:25:46.419194-03:00] Clinical.INFO: getController(/, GET) [] []
[2021-05-28T23:25:46.427608-03:00] Clinical.INFO: Status Code: 200 {"Path":"/","Method":"GET"} []
[2021-05-28T23:38:15.047489-03:00] Clinical.INFO: getController(/, GET) [] []
[2021-05-28T23:38:15.050435-03:00] Clinical.INFO: Status Code: 200 {"Path":"/","Method":"GET"} []
[2021-05-28T23:39:35.203112-03:00] Clinical.INFO: getController(/, GET) [] []
[2021-05-28T23:39:35.203937-03:00] Clinical.INFO: Status Code: 200 {"Path":"/","Method":"GET"} []
[2021-05-28T23:39:45.928660-03:00] Clinical.INFO: getController(/, GET) [] []
[2021-05-28T23:39:45.929255-03:00] Clinical.INFO: Status Code: 200 {"Path":"/","Method":"GET"} []
[2021-05-28T23:41:50.670095-03:00] Clinical.INFO: getController(/, GET) [] []
[2021-05-28T23:41:50.671207-03:00] Clinical.INFO: Status Code: 200 {"Path":"/","Method":"GET"} []
[2021-05-29T00:00:35.988219-03:00] Clinical.INFO: getController(/, GET) [] []
[2021-05-29T00:00:35.989336-03:00] Clinical.INFO: Status Code: 200 {"Path":"/","Method":"GET"} []
[2021-05-29T00:05:49.709865-03:00] Clinical.INFO: getController(/, GET) [] []
[2021-05-29T00:05:49.710740-03:00] Clinical.INFO: Status Code: 200 {"Path":"/","Method":"GET"} []
[2021-05-29T00:22:16.896247-03:00] Clinical.INFO: getController(/, GET) [] []
[2021-05-29T00:22:16.896841-03:00] Clinical.INFO: Status Code: 200 {"Path":"/","Method":"GET"} []
[2021-05-29T00:27:03.850861-03:00] Clinical.INFO: getController(/, GET) [] []
[2021-05-29T00:27:03.851621-03:00] Clinical.INFO: Status Code: 200 {"Path":"/","Method":"GET"} []
